<?xml version="1.0" encoding="UTF-8"?>
<testsuites name="Mocha Tests" time="0.0000" tests="11" failures="1">
  <testsuite name="Root Suite" timestamp="2023-11-27T22:51:21" tests="0" file="specs/homePageSpec.js" time="0.0000" failures="0">
  </testsuite>
  <testsuite name="XFlix" timestamp="2023-11-27T22:51:21" tests="11" time="0.0000" failures="1">
    <testcase name="XFlix &quot;before each&quot; hook for &quot;should display 5 genre buttons on a row&quot;" time="0.0000" classname="&quot;before each&quot; hook for &quot;should display 5 genre buttons on a row&quot;">
      <failure message="`cy.visit()` failed trying to load:

http://localhost:8082/v1/

The response we received from your web server was:

  &gt; 404: Not Found

This was considered a failure because the status code was not `2xx`.

If you do not want status codes to cause failures pass the option: `failOnStatusCode: false`

Because this error occurred during a `before each` hook we are skipping the remaining tests in the current suite: `XFlix`" type="CypressError"><![CDATA[CypressError: `cy.visit()` failed trying to load:

http://localhost:8082/v1/

The response we received from your web server was:

  > 404: Not Found

This was considered a failure because the status code was not `2xx`.

If you do not want status codes to cause failures pass the option: `failOnStatusCode: false`

Because this error occurred during a `before each` hook we are skipping the remaining tests in the current suite: `XFlix`
    at http://localhost:8082/__cypress/runner/cypress_runner.js:159291:84
    at visitFailedByErr (http://localhost:8082/__cypress/runner/cypress_runner.js:158660:12)
    at http://localhost:8082/__cypress/runner/cypress_runner.js:159271:13
    at tryCatcher (http://localhost:8082/__cypress/runner/cypress_runner.js:13196:23)
    at Promise._settlePromiseFromHandler (http://localhost:8082/__cypress/runner/cypress_runner.js:11131:31)
    at Promise._settlePromise (http://localhost:8082/__cypress/runner/cypress_runner.js:11188:18)
    at Promise._settlePromise0 (http://localhost:8082/__cypress/runner/cypress_runner.js:11233:10)
    at Promise._settlePromises (http://localhost:8082/__cypress/runner/cypress_runner.js:11309:18)
    at _drainQueueStep (http://localhost:8082/__cypress/runner/cypress_runner.js:7903:12)
    at _drainQueue (http://localhost:8082/__cypress/runner/cypress_runner.js:7896:9)
    at Async.../../node_modules/bluebird/js/release/async.js.Async._drainQueues (http://localhost:8082/__cypress/runner/cypress_runner.js:7912:5)
    at Async.drainQueues (http://localhost:8082/__cypress/runner/cypress_runner.js:7782:14)
From Your Spec Code:
    at Object.goto (http://localhost:8082/__cypress/tests?p=specs/homePageSpec.js:150:8)
    at Context.eval (http://localhost:8082/__cypress/tests?p=specs/homePageSpec.js:328:23)]]></failure>
    </testcase>
  </testsuite>
</testsuites>